\BOOKMARK [-1][-]{section*.2}{Introduction}{}% 1
\BOOKMARK [0][-]{section*.4}{Lab Format}{section*.2}% 2
\BOOKMARK [1][-]{section*.6}{Introduction, Learning Objectives and Lab Structure}{section*.4}% 3
\BOOKMARK [1][-]{section*.7}{Lab Log Look}{section*.4}% 4
\BOOKMARK [0][-]{section*.8}{Data Analysis}{section*.2}% 5
\BOOKMARK [1][-]{section*.10}{General Guidelines}{section*.8}% 6
\BOOKMARK [1][-]{section*.11}{Data Presentation}{section*.8}% 7
\BOOKMARK [1][-]{section*.14}{Basic Statistics}{section*.8}% 8
\BOOKMARK [1][-]{section*.16}{Error Analysis}{section*.8}% 9
\BOOKMARK [-1][-]{section*.17}{Lab Manuals}{}% 10
\BOOKMARK [0][-]{chapter.0}{Data Analysis Practice}{section*.17}% 11
\BOOKMARK [1][-]{section.0.1}{Learning objectives}{chapter.0}% 12
\BOOKMARK [1][-]{section.0.2}{Introduction}{chapter.0}% 13
\BOOKMARK [1][-]{section.0.3}{Session a}{chapter.0}% 14
\BOOKMARK [1][-]{section.0.4}{Session b}{chapter.0}% 15
\BOOKMARK [0][-]{chapter.1}{Capacitance}{section*.17}% 16
\BOOKMARK [1][-]{section.1.1}{Learning objectives}{chapter.1}% 17
\BOOKMARK [1][-]{section.1.2}{Introduction}{chapter.1}% 18
\BOOKMARK [2][-]{subsection.1.2.1}{Pre-lab activity}{section.1.2}% 19
\BOOKMARK [2][-]{subsection.1.2.2}{What is a capacitor?}{section.1.2}% 20
\BOOKMARK [1][-]{section.1.3}{Protocol}{chapter.1}% 21
\BOOKMARK [2][-]{subsection.1.3.1}{Session a}{section.1.3}% 22
\BOOKMARK [2][-]{subsection.1.3.2}{Session b}{section.1.3}% 23
\BOOKMARK [1][-]{section.1.4}{Measurement Analysis}{chapter.1}% 24
\BOOKMARK [0][-]{chapter.2}{RC Circuits}{section*.17}% 25
\BOOKMARK [1][-]{section.2.1}{Learning objectives}{chapter.2}% 26
\BOOKMARK [1][-]{section.2.2}{Introduction}{chapter.2}% 27
\BOOKMARK [2][-]{subsection.2.2.1}{Pre-lab activity}{section.2.2}% 28
\BOOKMARK [2][-]{subsection.2.2.2}{RC Circuits}{section.2.2}% 29
\BOOKMARK [2][-]{subsection.2.2.3}{Equivalent resistance and capacitance}{section.2.2}% 30
\BOOKMARK [2][-]{subsection.2.2.4}{Equipment}{section.2.2}% 31
\BOOKMARK [1][-]{section.2.3}{Session a}{chapter.2}% 32
\BOOKMARK [1][-]{section.2.4}{Session b}{chapter.2}% 33
\BOOKMARK [0][-]{chapter.3}{Magnetic Field of Solenoids and Coils}{section*.17}% 34
\BOOKMARK [1][-]{section.3.1}{Learning objectives}{chapter.3}% 35
\BOOKMARK [1][-]{section.3.2}{Introduction}{chapter.3}% 36
\BOOKMARK [2][-]{subsection.3.2.1}{Pre-lab activity}{section.3.2}% 37
\BOOKMARK [1][-]{section.3.3}{Session a}{chapter.3}% 38
\BOOKMARK [2][-]{subsection.3.3.1}{Solenoid setup}{section.3.3}% 39
\BOOKMARK [2][-]{subsection.3.3.2}{Magnetic Field Lines}{section.3.3}% 40
\BOOKMARK [2][-]{subsection.3.3.3}{Current dependence}{section.3.3}% 41
\BOOKMARK [2][-]{subsection.3.3.4}{Distance dependence}{section.3.3}% 42
\BOOKMARK [1][-]{section.3.4}{Session b}{chapter.3}% 43
\BOOKMARK [2][-]{subsection.3.4.1}{Electric motor setup}{section.3.4}% 44
\BOOKMARK [2][-]{subsection.3.4.2}{Protocol}{section.3.4}% 45
\BOOKMARK [-1][-]{section*.37}{Appendix}{}% 46
\BOOKMARK [0][-]{section*.39}{Introduction to Excel}{section*.37}% 47
\BOOKMARK [0][-]{section*.45}{Lab Equipment}{section*.37}% 48
\BOOKMARK [1][-]{section*.47}{Multimeter}{section*.45}% 49
\BOOKMARK [1][-]{section*.48}{Arduino \(Capacitance\)}{section*.45}% 50
\BOOKMARK [1][-]{section*.52}{Reading Resistors}{section*.45}% 51
\BOOKMARK [1][-]{section*.53}{Circuit Boards}{section*.45}% 52
\BOOKMARK [1][-]{section*.54}{IOLab}{section*.45}% 53
\BOOKMARK [0][-]{section*.55}{More statistics}{section*.37}% 54
