\BOOKMARK [-1][-]{part.1}{I Introduction}{}% 1
\BOOKMARK [0][-]{chapter.1}{Lab Format}{part.1}% 2
\BOOKMARK [1][-]{section.1.1}{Introduction, Learning Objectives and Lab Structure}{chapter.1}% 3
\BOOKMARK [1][-]{section.1.2}{Lab Log Books}{chapter.1}% 4
\BOOKMARK [0][-]{chapter.2}{Data Analysis}{part.1}% 5
\BOOKMARK [1][-]{section.2.1}{General Guidelines}{chapter.2}% 6
\BOOKMARK [1][-]{section.2.2}{Data Presentation}{chapter.2}% 7
\BOOKMARK [1][-]{section.2.3}{Basic Statistics}{chapter.2}% 8
\BOOKMARK [1][-]{section.2.4}{Error Analysis}{chapter.2}% 9
\BOOKMARK [-1][-]{part.2}{II Lab Manuals}{}% 10
\BOOKMARK [0][-]{chapter.1}{Capacitance}{part.2}% 11
\BOOKMARK [1][-]{section.1.1}{Learning objectives}{chapter.1}% 12
\BOOKMARK [1][-]{section.1.2}{Introduction}{chapter.1}% 13
\BOOKMARK [2][-]{subsection.1.2.1}{Pre-lab activity}{section.1.2}% 14
\BOOKMARK [2][-]{subsection.1.2.2}{What is a capacitor?}{section.1.2}% 15
\BOOKMARK [1][-]{section.1.3}{Protocol}{chapter.1}% 16
\BOOKMARK [2][-]{subsection.1.3.1}{Session a}{section.1.3}% 17
\BOOKMARK [2][-]{subsection.1.3.2}{Session b}{section.1.3}% 18
\BOOKMARK [1][-]{section.1.4}{Measurement Analysis}{chapter.1}% 19
\BOOKMARK [0][-]{chapter.2}{RC Circuits}{part.2}% 20
\BOOKMARK [1][-]{section.2.1}{Learning objectives}{chapter.2}% 21
\BOOKMARK [1][-]{section.2.2}{Introduction}{chapter.2}% 22
\BOOKMARK [2][-]{subsection.2.2.1}{Pre-lab activity}{section.2.2}% 23
\BOOKMARK [2][-]{subsection.2.2.2}{RC Circuits}{section.2.2}% 24
\BOOKMARK [2][-]{subsection.2.2.3}{Equivalent resistance and capacitance}{section.2.2}% 25
\BOOKMARK [2][-]{subsection.2.2.4}{Equipment}{section.2.2}% 26
\BOOKMARK [1][-]{section.2.3}{Session a}{chapter.2}% 27
\BOOKMARK [1][-]{section.2.4}{Session b}{chapter.2}% 28
\BOOKMARK [0][-]{chapter.3}{Magnetic Field of Solenoids and Coils}{part.2}% 29
\BOOKMARK [1][-]{section.3.1}{Learning objectives}{chapter.3}% 30
\BOOKMARK [1][-]{section.3.2}{Introduction}{chapter.3}% 31
\BOOKMARK [2][-]{subsection.3.2.1}{Pre-lab activity}{section.3.2}% 32
\BOOKMARK [1][-]{section.3.3}{Session a}{chapter.3}% 33
\BOOKMARK [2][-]{subsection.3.3.1}{Solenoid setup}{section.3.3}% 34
\BOOKMARK [2][-]{subsection.3.3.2}{Magnetic Field Lines}{section.3.3}% 35
\BOOKMARK [2][-]{subsection.3.3.3}{Current dependence}{section.3.3}% 36
\BOOKMARK [2][-]{subsection.3.3.4}{Distance dependence}{section.3.3}% 37
\BOOKMARK [1][-]{section.3.4}{Session b}{chapter.3}% 38
\BOOKMARK [2][-]{subsection.3.4.1}{Electric motor setup}{section.3.4}% 39
\BOOKMARK [2][-]{subsection.3.4.2}{Protocol}{section.3.4}% 40
\BOOKMARK [-1][-]{part.3}{III Appendix}{}% 41
\BOOKMARK [0][-]{chapter.1}{Introduction to Excel}{part.3}% 42
\BOOKMARK [0][-]{chapter.2}{Lab Equipment}{part.3}% 43
\BOOKMARK [1][-]{section.2.1}{Multimeter}{chapter.2}% 44
\BOOKMARK [1][-]{section.2.2}{Arduino}{chapter.2}% 45
\BOOKMARK [1][-]{section.2.3}{Reading Resistors}{chapter.2}% 46
\BOOKMARK [1][-]{section.2.4}{Bread Boards}{chapter.2}% 47
\BOOKMARK [1][-]{section.2.5}{IOLab}{chapter.2}% 48
\BOOKMARK [1][-]{section.2.6}{Oscilloscope}{chapter.2}% 49
\BOOKMARK [0][-]{chapter.3}{More statistics}{part.3}% 50
